%!Adobe-FontList 1.24
%Locale:0x412

%BeginFont
Handler:DirectoryHandler
FontType:Invalid
OutlineFileName:E:\!양동건\uiux\animal\Font\GodoB.woff
FileModTime:1748232488
%EndFont

%BeginFont
Handler:DirectoryHandler
FontType:Invalid
OutlineFileName:E:\!양동건\uiux\animal\Font\GodoB.woff2
FileModTime:1748232478
%EndFont

%BeginFont
Handler:DirectoryHandler
FontType:Invalid
OutlineFileName:E:\!양동건\uiux\animal\Font\GodoM.woff
FileModTime:1748232489
%EndFont

%BeginFont
Handler:DirectoryHandler
FontType:Invalid
OutlineFileName:E:\!양동건\uiux\animal\Font\GodoM.woff2
FileModTime:1748232479
%EndFont

%BeginFont
Handler:DirectoryHandler
FontType:Invalid
OutlineFileName:E:\!양동건\uiux\animal\Font\SUIT-Bold.woff2
FileModTime:1748232396
%EndFont

%BeginFont
Handler:DirectoryHandler
FontType:Invalid
OutlineFileName:E:\!양동건\uiux\animal\Font\SUIT-Regular.woff2
FileModTime:1748232390
%EndFont

